Analysis & Synthesis report for A_simple_processor_with_fucking_ROM_or_something
Sun Nov 07 13:43:22 2021
Quartus Prime Version 16.1.0 Build 196 10/24/2016 SJ Lite Edition


---------------------
; Table of Contents ;
---------------------
  1. Legal Notice
  2. Analysis & Synthesis Summary
  3. Analysis & Synthesis Settings
  4. Parallel Compilation
  5. Analysis & Synthesis Source Files Read
  6. Analysis & Synthesis Resource Usage Summary
  7. Analysis & Synthesis Resource Utilization by Entity
  8. Analysis & Synthesis RAM Summary
  9. Analysis & Synthesis IP Cores Summary
 10. User-Specified and Inferred Latches
 11. Registers Removed During Synthesis
 12. General Register Statistics
 13. Multiplexer Restructuring Statistics (Restructuring Performed)
 14. Source assignments for inst_mem:inst1|altsyncram:altsyncram_component|altsyncram_h7a1:auto_generated
 15. Parameter Settings for User Entity Instance: a_simple_processor:inst
 16. Parameter Settings for User Entity Instance: inst_mem:inst1|altsyncram:altsyncram_component
 17. altsyncram Parameter Settings by Entity Instance
 18. Post-Synthesis Netlist Statistics for Top Partition
 19. Elapsed Time Per Partition
 20. Analysis & Synthesis Messages



----------------
; Legal Notice ;
----------------
Copyright (C) 2016  Intel Corporation. All rights reserved.
Your use of Intel Corporation's design tools, logic functions 
and other software and tools, and its AMPP partner logic 
functions, and any output files from any of the foregoing 
(including device programming or simulation files), and any 
associated documentation or information are expressly subject 
to the terms and conditions of the Intel Program License 
Subscription Agreement, the Intel Quartus Prime License Agreement,
the Intel MegaCore Function License Agreement, or other 
applicable license agreement, including, without limitation, 
that your use is for the sole purpose of programming logic 
devices manufactured by Intel and sold by Intel or its 
authorized distributors.  Please refer to the applicable 
agreement for further details.



+---------------------------------------------------------------------------------------+
; Analysis & Synthesis Summary                                                          ;
+------------------------------------+--------------------------------------------------+
; Analysis & Synthesis Status        ; Successful - Sun Nov 07 13:43:22 2021            ;
; Quartus Prime Version              ; 16.1.0 Build 196 10/24/2016 SJ Lite Edition      ;
; Revision Name                      ; A_simple_processor_with_fucking_ROM_or_something ;
; Top-level Entity Name              ; A_simple_processor_with_fucking_ROM_or_something ;
; Family                             ; Cyclone IV GX                                    ;
; Total logic elements               ; 267                                              ;
;     Total combinational functions  ; 177                                              ;
;     Dedicated logic registers      ; 106                                              ;
; Total registers                    ; 106                                              ;
; Total pins                         ; 75                                               ;
; Total virtual pins                 ; 0                                                ;
; Total memory bits                  ; 288                                              ;
; Embedded Multiplier 9-bit elements ; 0                                                ;
; Total GXB Receiver Channel PCS     ; 0                                                ;
; Total GXB Receiver Channel PMA     ; 0                                                ;
; Total GXB Transmitter Channel PCS  ; 0                                                ;
; Total GXB Transmitter Channel PMA  ; 0                                                ;
; Total PLLs                         ; 0                                                ;
+------------------------------------+--------------------------------------------------+


+----------------------------------------------------------------------------------------------------------------------------------------------------------------------------------+
; Analysis & Synthesis Settings                                                                                                                                                    ;
+----------------------------------------------------------------------------+--------------------------------------------------+--------------------------------------------------+
; Option                                                                     ; Setting                                          ; Default Value                                    ;
+----------------------------------------------------------------------------+--------------------------------------------------+--------------------------------------------------+
; Device                                                                     ; EP4CGX150DF31C7                                  ;                                                  ;
; Top-level entity name                                                      ; A_simple_processor_with_fucking_ROM_or_something ; A_simple_processor_with_fucking_ROM_or_something ;
; Family name                                                                ; Cyclone IV GX                                    ; Cyclone V                                        ;
; Use smart compilation                                                      ; Off                                              ; Off                                              ;
; Enable parallel Assembler and TimeQuest Timing Analyzer during compilation ; On                                               ; On                                               ;
; Enable compact report table                                                ; Off                                              ; Off                                              ;
; Restructure Multiplexers                                                   ; Auto                                             ; Auto                                             ;
; Create Debugging Nodes for IP Cores                                        ; Off                                              ; Off                                              ;
; Preserve fewer node names                                                  ; On                                               ; On                                               ;
; OpenCore Plus hardware evaluation                                          ; Enable                                           ; Enable                                           ;
; Verilog Version                                                            ; Verilog_2001                                     ; Verilog_2001                                     ;
; VHDL Version                                                               ; VHDL_1993                                        ; VHDL_1993                                        ;
; State Machine Processing                                                   ; Auto                                             ; Auto                                             ;
; Safe State Machine                                                         ; Off                                              ; Off                                              ;
; Extract Verilog State Machines                                             ; On                                               ; On                                               ;
; Extract VHDL State Machines                                                ; On                                               ; On                                               ;
; Ignore Verilog initial constructs                                          ; Off                                              ; Off                                              ;
; Iteration limit for constant Verilog loops                                 ; 5000                                             ; 5000                                             ;
; Iteration limit for non-constant Verilog loops                             ; 250                                              ; 250                                              ;
; Add Pass-Through Logic to Inferred RAMs                                    ; On                                               ; On                                               ;
; Infer RAMs from Raw Logic                                                  ; On                                               ; On                                               ;
; Parallel Synthesis                                                         ; On                                               ; On                                               ;
; DSP Block Balancing                                                        ; Auto                                             ; Auto                                             ;
; NOT Gate Push-Back                                                         ; On                                               ; On                                               ;
; Power-Up Don't Care                                                        ; On                                               ; On                                               ;
; Remove Redundant Logic Cells                                               ; Off                                              ; Off                                              ;
; Remove Duplicate Registers                                                 ; On                                               ; On                                               ;
; Ignore CARRY Buffers                                                       ; Off                                              ; Off                                              ;
; Ignore CASCADE Buffers                                                     ; Off                                              ; Off                                              ;
; Ignore GLOBAL Buffers                                                      ; Off                                              ; Off                                              ;
; Ignore ROW GLOBAL Buffers                                                  ; Off                                              ; Off                                              ;
; Ignore LCELL Buffers                                                       ; Off                                              ; Off                                              ;
; Ignore SOFT Buffers                                                        ; On                                               ; On                                               ;
; Limit AHDL Integers to 32 Bits                                             ; Off                                              ; Off                                              ;
; Optimization Technique                                                     ; Balanced                                         ; Balanced                                         ;
; Carry Chain Length                                                         ; 70                                               ; 70                                               ;
; Auto Carry Chains                                                          ; On                                               ; On                                               ;
; Auto Open-Drain Pins                                                       ; On                                               ; On                                               ;
; Perform WYSIWYG Primitive Resynthesis                                      ; Off                                              ; Off                                              ;
; Auto ROM Replacement                                                       ; On                                               ; On                                               ;
; Auto RAM Replacement                                                       ; On                                               ; On                                               ;
; Auto DSP Block Replacement                                                 ; On                                               ; On                                               ;
; Auto Shift Register Replacement                                            ; Auto                                             ; Auto                                             ;
; Allow Shift Register Merging across Hierarchies                            ; Auto                                             ; Auto                                             ;
; Auto Clock Enable Replacement                                              ; On                                               ; On                                               ;
; Strict RAM Replacement                                                     ; Off                                              ; Off                                              ;
; Allow Synchronous Control Signals                                          ; On                                               ; On                                               ;
; Force Use of Synchronous Clear Signals                                     ; Off                                              ; Off                                              ;
; Auto RAM Block Balancing                                                   ; On                                               ; On                                               ;
; Auto RAM to Logic Cell Conversion                                          ; Off                                              ; Off                                              ;
; Auto Resource Sharing                                                      ; Off                                              ; Off                                              ;
; Allow Any RAM Size For Recognition                                         ; Off                                              ; Off                                              ;
; Allow Any ROM Size For Recognition                                         ; Off                                              ; Off                                              ;
; Allow Any Shift Register Size For Recognition                              ; Off                                              ; Off                                              ;
; Use LogicLock Constraints during Resource Balancing                        ; On                                               ; On                                               ;
; Ignore translate_off and synthesis_off directives                          ; Off                                              ; Off                                              ;
; Timing-Driven Synthesis                                                    ; On                                               ; On                                               ;
; Report Parameter Settings                                                  ; On                                               ; On                                               ;
; Report Source Assignments                                                  ; On                                               ; On                                               ;
; Report Connectivity Checks                                                 ; On                                               ; On                                               ;
; Ignore Maximum Fan-Out Assignments                                         ; Off                                              ; Off                                              ;
; Synchronization Register Chain Length                                      ; 2                                                ; 2                                                ;
; PowerPlay Power Optimization During Synthesis                              ; Normal compilation                               ; Normal compilation                               ;
; HDL message level                                                          ; Level2                                           ; Level2                                           ;
; Suppress Register Optimization Related Messages                            ; Off                                              ; Off                                              ;
; Number of Removed Registers Reported in Synthesis Report                   ; 5000                                             ; 5000                                             ;
; Number of Swept Nodes Reported in Synthesis Report                         ; 5000                                             ; 5000                                             ;
; Number of Inverted Registers Reported in Synthesis Report                  ; 100                                              ; 100                                              ;
; Clock MUX Protection                                                       ; On                                               ; On                                               ;
; Auto Gated Clock Conversion                                                ; Off                                              ; Off                                              ;
; Block Design Naming                                                        ; Auto                                             ; Auto                                             ;
; SDC constraint protection                                                  ; Off                                              ; Off                                              ;
; Synthesis Effort                                                           ; Auto                                             ; Auto                                             ;
; Shift Register Replacement - Allow Asynchronous Clear Signal               ; On                                               ; On                                               ;
; Pre-Mapping Resynthesis Optimization                                       ; Off                                              ; Off                                              ;
; Analysis & Synthesis Message Level                                         ; Medium                                           ; Medium                                           ;
; Disable Register Merging Across Hierarchies                                ; Auto                                             ; Auto                                             ;
; Resource Aware Inference For Block RAM                                     ; On                                               ; On                                               ;
+----------------------------------------------------------------------------+--------------------------------------------------+--------------------------------------------------+


+------------------------------------------+
; Parallel Compilation                     ;
+----------------------------+-------------+
; Processors                 ; Number      ;
+----------------------------+-------------+
; Number detected on machine ; 8           ;
; Maximum allowed            ; 4           ;
;                            ;             ;
; Average used               ; 1.00        ;
; Maximum used               ; 4           ;
;                            ;             ;
; Usage by Processor         ; % Time Used ;
;     Processor 1            ; 100.0%      ;
;     Processors 2-4         ;   0.0%      ;
+----------------------------+-------------+


+-------------------------------------------------------------------------------------------------------------------------------------------------------------------------------------------------------------+
; Analysis & Synthesis Source Files Read                                                                                                                                                                      ;
+------------------------------------------------------+-----------------+----------------------------------------+---------------------------------------------------------------------------------+---------+
; File Name with User-Entered Path                     ; Used in Netlist ; File Type                              ; File Name with Absolute Path                                                    ; Library ;
+------------------------------------------------------+-----------------+----------------------------------------+---------------------------------------------------------------------------------+---------+
; A_simple_processor_with_fucking_ROM_or_something.bdf ; yes             ; User Block Diagram/Schematic File      ; D:/My_design/LAB_09/part_2/A_simple_processor_with_fucking_ROM_or_something.bdf ;         ;
; counter.v                                            ; yes             ; User Verilog HDL File                  ; D:/My_design/LAB_09/part_2/counter.v                                            ;         ;
; inst_mem.v                                           ; yes             ; User Wizard-Generated File             ; D:/My_design/LAB_09/part_2/inst_mem.v                                           ;         ;
; a_simple_processor.v                                 ; yes             ; Auto-Found Verilog HDL File            ; D:/My_design/LAB_09/part_2/a_simple_processor.v                                 ;         ;
; altsyncram.tdf                                       ; yes             ; Megafunction                           ; c:/intelfpga_lite/16.1/quartus/libraries/megafunctions/altsyncram.tdf           ;         ;
; stratix_ram_block.inc                                ; yes             ; Megafunction                           ; c:/intelfpga_lite/16.1/quartus/libraries/megafunctions/stratix_ram_block.inc    ;         ;
; lpm_mux.inc                                          ; yes             ; Megafunction                           ; c:/intelfpga_lite/16.1/quartus/libraries/megafunctions/lpm_mux.inc              ;         ;
; lpm_decode.inc                                       ; yes             ; Megafunction                           ; c:/intelfpga_lite/16.1/quartus/libraries/megafunctions/lpm_decode.inc           ;         ;
; aglobal161.inc                                       ; yes             ; Megafunction                           ; c:/intelfpga_lite/16.1/quartus/libraries/megafunctions/aglobal161.inc           ;         ;
; a_rdenreg.inc                                        ; yes             ; Megafunction                           ; c:/intelfpga_lite/16.1/quartus/libraries/megafunctions/a_rdenreg.inc            ;         ;
; altrom.inc                                           ; yes             ; Megafunction                           ; c:/intelfpga_lite/16.1/quartus/libraries/megafunctions/altrom.inc               ;         ;
; altram.inc                                           ; yes             ; Megafunction                           ; c:/intelfpga_lite/16.1/quartus/libraries/megafunctions/altram.inc               ;         ;
; altdpram.inc                                         ; yes             ; Megafunction                           ; c:/intelfpga_lite/16.1/quartus/libraries/megafunctions/altdpram.inc             ;         ;
; db/altsyncram_h7a1.tdf                               ; yes             ; Auto-Generated Megafunction            ; D:/My_design/LAB_09/part_2/db/altsyncram_h7a1.tdf                               ;         ;
; inst_mem.mif                                         ; yes             ; Auto-Found Memory Initialization File  ; D:/My_design/LAB_09/part_2/inst_mem.mif                                         ;         ;
+------------------------------------------------------+-----------------+----------------------------------------+---------------------------------------------------------------------------------+---------+


+---------------------------------------------+
; Analysis & Synthesis Resource Usage Summary ;
+--------------------------+------------------+
; Resource                 ; Usage            ;
+--------------------------+------------------+
; I/O pins                 ; 75               ;
; Total memory bits        ; 288              ;
;                          ;                  ;
; DSP block 9-bit elements ; 0                ;
;                          ;                  ;
; Maximum fan-out node     ; Pro_Clock~input  ;
; Maximum fan-out          ; 101              ;
; Total fan-out            ; 1129             ;
; Average fan-out          ; 2.55             ;
+--------------------------+------------------+


+----------------------------------------------------------------------------------------------------------------------------------------------------------------------------------------------------------------------------------------------------------------------------------------------------------------------------------------------------------------------------------------------+
; Analysis & Synthesis Resource Utilization by Entity                                                                                                                                                                                                                                                                                                                                          ;
+---------------------------------------------------+---------------------+---------------------------+-------------+--------------+---------+-----------+-----------+------+--------------+---------------------------------------------------------------------------------------------------------------------------------+--------------------------------------------------+--------------+
; Compilation Hierarchy Node                        ; Combinational ALUTs ; Dedicated Logic Registers ; Memory Bits ; DSP Elements ; DSP 9x9 ; DSP 18x18 ; DSP 36x36 ; Pins ; Virtual Pins ; Full Hierarchy Name                                                                                                             ; Entity Name                                      ; Library Name ;
+---------------------------------------------------+---------------------+---------------------------+-------------+--------------+---------+-----------+-----------+------+--------------+---------------------------------------------------------------------------------------------------------------------------------+--------------------------------------------------+--------------+
; |A_simple_processor_with_fucking_ROM_or_something ; 177 (0)             ; 106 (0)                   ; 288         ; 0            ; 0       ; 0         ; 0         ; 75   ; 0            ; |A_simple_processor_with_fucking_ROM_or_something                                                                               ; A_simple_processor_with_fucking_ROM_or_something ; work         ;
;    |a_simple_processor:inst|                      ; 172 (172)           ; 101 (2)                   ; 0           ; 0            ; 0       ; 0         ; 0         ; 0    ; 0            ; |A_simple_processor_with_fucking_ROM_or_something|a_simple_processor:inst                                                       ; a_simple_processor                               ; work         ;
;       |regn:reg_IR|                               ; 0 (0)               ; 9 (9)                     ; 0           ; 0            ; 0       ; 0         ; 0         ; 0    ; 0            ; |A_simple_processor_with_fucking_ROM_or_something|a_simple_processor:inst|regn:reg_IR                                           ; regn                                             ; work         ;
;       |regn:reg_R0|                               ; 0 (0)               ; 9 (9)                     ; 0           ; 0            ; 0       ; 0         ; 0         ; 0    ; 0            ; |A_simple_processor_with_fucking_ROM_or_something|a_simple_processor:inst|regn:reg_R0                                           ; regn                                             ; work         ;
;       |regn:reg_R1|                               ; 0 (0)               ; 9 (9)                     ; 0           ; 0            ; 0       ; 0         ; 0         ; 0    ; 0            ; |A_simple_processor_with_fucking_ROM_or_something|a_simple_processor:inst|regn:reg_R1                                           ; regn                                             ; work         ;
;       |regn:reg_R2|                               ; 0 (0)               ; 9 (9)                     ; 0           ; 0            ; 0       ; 0         ; 0         ; 0    ; 0            ; |A_simple_processor_with_fucking_ROM_or_something|a_simple_processor:inst|regn:reg_R2                                           ; regn                                             ; work         ;
;       |regn:reg_R3|                               ; 0 (0)               ; 9 (9)                     ; 0           ; 0            ; 0       ; 0         ; 0         ; 0    ; 0            ; |A_simple_processor_with_fucking_ROM_or_something|a_simple_processor:inst|regn:reg_R3                                           ; regn                                             ; work         ;
;       |regn:reg_R4|                               ; 0 (0)               ; 9 (9)                     ; 0           ; 0            ; 0       ; 0         ; 0         ; 0    ; 0            ; |A_simple_processor_with_fucking_ROM_or_something|a_simple_processor:inst|regn:reg_R4                                           ; regn                                             ; work         ;
;       |regn:reg_R5|                               ; 0 (0)               ; 9 (9)                     ; 0           ; 0            ; 0       ; 0         ; 0         ; 0    ; 0            ; |A_simple_processor_with_fucking_ROM_or_something|a_simple_processor:inst|regn:reg_R5                                           ; regn                                             ; work         ;
;       |regn:reg_R6|                               ; 0 (0)               ; 9 (9)                     ; 0           ; 0            ; 0       ; 0         ; 0         ; 0    ; 0            ; |A_simple_processor_with_fucking_ROM_or_something|a_simple_processor:inst|regn:reg_R6                                           ; regn                                             ; work         ;
;       |regn:reg_R7|                               ; 0 (0)               ; 9 (9)                     ; 0           ; 0            ; 0       ; 0         ; 0         ; 0    ; 0            ; |A_simple_processor_with_fucking_ROM_or_something|a_simple_processor:inst|regn:reg_R7                                           ; regn                                             ; work         ;
;       |regn:reg_RA|                               ; 0 (0)               ; 9 (9)                     ; 0           ; 0            ; 0       ; 0         ; 0         ; 0    ; 0            ; |A_simple_processor_with_fucking_ROM_or_something|a_simple_processor:inst|regn:reg_RA                                           ; regn                                             ; work         ;
;       |regn:reg_RG|                               ; 0 (0)               ; 9 (9)                     ; 0           ; 0            ; 0       ; 0         ; 0         ; 0    ; 0            ; |A_simple_processor_with_fucking_ROM_or_something|a_simple_processor:inst|regn:reg_RG                                           ; regn                                             ; work         ;
;    |counter_module:inst5|                         ; 5 (5)               ; 5 (5)                     ; 0           ; 0            ; 0       ; 0         ; 0         ; 0    ; 0            ; |A_simple_processor_with_fucking_ROM_or_something|counter_module:inst5                                                          ; counter_module                                   ; work         ;
;    |inst_mem:inst1|                               ; 0 (0)               ; 0 (0)                     ; 288         ; 0            ; 0       ; 0         ; 0         ; 0    ; 0            ; |A_simple_processor_with_fucking_ROM_or_something|inst_mem:inst1                                                                ; inst_mem                                         ; work         ;
;       |altsyncram:altsyncram_component|           ; 0 (0)               ; 0 (0)                     ; 288         ; 0            ; 0       ; 0         ; 0         ; 0    ; 0            ; |A_simple_processor_with_fucking_ROM_or_something|inst_mem:inst1|altsyncram:altsyncram_component                                ; altsyncram                                       ; work         ;
;          |altsyncram_h7a1:auto_generated|         ; 0 (0)               ; 0 (0)                     ; 288         ; 0            ; 0       ; 0         ; 0         ; 0    ; 0            ; |A_simple_processor_with_fucking_ROM_or_something|inst_mem:inst1|altsyncram:altsyncram_component|altsyncram_h7a1:auto_generated ; altsyncram_h7a1                                  ; work         ;
+---------------------------------------------------+---------------------+---------------------------+-------------+--------------+---------+-----------+-----------+------+--------------+---------------------------------------------------------------------------------------------------------------------------------+--------------------------------------------------+--------------+
Note: For table entries with two numbers listed, the numbers in parentheses indicate the number of resources of the given type used by the specific entity alone. The numbers listed outside of parentheses indicate the total resources of the given type used by the specific entity and all of its sub-entities in the hierarchy.


+------------------------------------------------------------------------------------------------------------------------------------------------------------------------------------------+
; Analysis & Synthesis RAM Summary                                                                                                                                                         ;
+------------------------------------------------------------------------------------------+------+------+--------------+--------------+--------------+--------------+------+--------------+
; Name                                                                                     ; Type ; Mode ; Port A Depth ; Port A Width ; Port B Depth ; Port B Width ; Size ; MIF          ;
+------------------------------------------------------------------------------------------+------+------+--------------+--------------+--------------+--------------+------+--------------+
; inst_mem:inst1|altsyncram:altsyncram_component|altsyncram_h7a1:auto_generated|ALTSYNCRAM ; AUTO ; ROM  ; 32           ; 9            ; --           ; --           ; 288  ; inst_mem.mif ;
+------------------------------------------------------------------------------------------+------+------+--------------+--------------+--------------+--------------+------+--------------+


+----------------------------------------------------------------------------------------------------------------------------------------------------+
; Analysis & Synthesis IP Cores Summary                                                                                                              ;
+--------+--------------+---------+--------------+--------------+------------------------------------------------------------------+-----------------+
; Vendor ; IP Core Name ; Version ; Release Date ; License Type ; Entity Instance                                                  ; IP Include File ;
+--------+--------------+---------+--------------+--------------+------------------------------------------------------------------+-----------------+
; Altera ; ROM: 1-PORT  ; 16.1    ; N/A          ; N/A          ; |A_simple_processor_with_fucking_ROM_or_something|inst_mem:inst1 ; inst_mem.v      ;
+--------+--------------+---------+--------------+--------------+------------------------------------------------------------------+-----------------+


+------------------------------------------------------------------------------------------------------------------+
; User-Specified and Inferred Latches                                                                              ;
+-----------------------------------------------------+-----------------------------------+------------------------+
; Latch Name                                          ; Latch Enable Signal               ; Free of Timing Hazards ;
+-----------------------------------------------------+-----------------------------------+------------------------+
; a_simple_processor:inst|BusWire[8]                  ; a_simple_processor:inst|Mux58     ; yes                    ;
; a_simple_processor:inst|BusWire[7]                  ; a_simple_processor:inst|Mux58     ; yes                    ;
; a_simple_processor:inst|BusWire[6]                  ; a_simple_processor:inst|Mux58     ; yes                    ;
; a_simple_processor:inst|BusWire[5]                  ; a_simple_processor:inst|Mux58     ; yes                    ;
; a_simple_processor:inst|BusWire[4]                  ; a_simple_processor:inst|Mux58     ; yes                    ;
; a_simple_processor:inst|BusWire[3]                  ; a_simple_processor:inst|Mux58     ; yes                    ;
; a_simple_processor:inst|BusWire[2]                  ; a_simple_processor:inst|Mux58     ; yes                    ;
; a_simple_processor:inst|BusWire[1]                  ; a_simple_processor:inst|Mux58     ; yes                    ;
; a_simple_processor:inst|BusWire[0]                  ; a_simple_processor:inst|Mux58     ; yes                    ;
; a_simple_processor:inst|Rx[8]                       ; a_simple_processor:inst|Decoder22 ; yes                    ;
; a_simple_processor:inst|Ry[8]                       ; a_simple_processor:inst|Decoder22 ; yes                    ;
; a_simple_processor:inst|Ry[7]                       ; a_simple_processor:inst|Decoder22 ; yes                    ;
; a_simple_processor:inst|Ry[6]                       ; a_simple_processor:inst|Decoder22 ; yes                    ;
; a_simple_processor:inst|Ry[5]                       ; a_simple_processor:inst|Decoder22 ; yes                    ;
; a_simple_processor:inst|Ry[4]                       ; a_simple_processor:inst|Decoder22 ; yes                    ;
; a_simple_processor:inst|Ry[3]                       ; a_simple_processor:inst|Decoder22 ; yes                    ;
; a_simple_processor:inst|Ry[2]                       ; a_simple_processor:inst|Decoder22 ; yes                    ;
; a_simple_processor:inst|Ry[1]                       ; a_simple_processor:inst|Decoder22 ; yes                    ;
; a_simple_processor:inst|Ry[0]                       ; a_simple_processor:inst|Decoder22 ; yes                    ;
; a_simple_processor:inst|Rx[7]                       ; a_simple_processor:inst|Decoder22 ; yes                    ;
; a_simple_processor:inst|Rx[6]                       ; a_simple_processor:inst|Decoder22 ; yes                    ;
; a_simple_processor:inst|Rx[5]                       ; a_simple_processor:inst|Decoder22 ; yes                    ;
; a_simple_processor:inst|Rx[4]                       ; a_simple_processor:inst|Decoder22 ; yes                    ;
; a_simple_processor:inst|Rx[3]                       ; a_simple_processor:inst|Decoder22 ; yes                    ;
; a_simple_processor:inst|Rx[2]                       ; a_simple_processor:inst|Decoder22 ; yes                    ;
; a_simple_processor:inst|Rx[1]                       ; a_simple_processor:inst|Decoder22 ; yes                    ;
; a_simple_processor:inst|Rx[0]                       ; a_simple_processor:inst|Decoder22 ; yes                    ;
; Number of user-specified and inferred latches = 27  ;                                   ;                        ;
+-----------------------------------------------------+-----------------------------------+------------------------+
Note: All latches listed above may not be present at the end of synthesis due to various synthesis optimizations.


+--------------------------------------------------------------------------------+
; Registers Removed During Synthesis                                             ;
+---------------------------------------+----------------------------------------+
; Register name                         ; Reason for Removal                     ;
+---------------------------------------+----------------------------------------+
; a_simple_processor:inst|Ystep_Q[2]    ; Stuck at GND due to stuck port data_in ;
; Total Number of Removed Registers = 1 ;                                        ;
+---------------------------------------+----------------------------------------+


+------------------------------------------------------+
; General Register Statistics                          ;
+----------------------------------------------+-------+
; Statistic                                    ; Value ;
+----------------------------------------------+-------+
; Total registers                              ; 106   ;
; Number of registers using Synchronous Clear  ; 0     ;
; Number of registers using Synchronous Load   ; 0     ;
; Number of registers using Asynchronous Clear ; 0     ;
; Number of registers using Asynchronous Load  ; 0     ;
; Number of registers using Clock Enable       ; 99    ;
; Number of registers using Preset             ; 0     ;
+----------------------------------------------+-------+


+------------------------------------------------------------------------------------------------------------------------------------------------------------------------------------------------+
; Multiplexer Restructuring Statistics (Restructuring Performed)                                                                                                                                 ;
+--------------------+-----------+---------------+----------------------+------------------------+------------+----------------------------------------------------------------------------------+
; Multiplexer Inputs ; Bus Width ; Baseline Area ; Area if Restructured ; Saving if Restructured ; Registered ; Example Multiplexer Output                                                       ;
+--------------------+-----------+---------------+----------------------+------------------------+------------+----------------------------------------------------------------------------------+
; 3:1                ; 2 bits    ; 4 LEs         ; 4 LEs                ; 0 LEs                  ; No         ; |A_simple_processor_with_fucking_ROM_or_something|a_simple_processor:inst|Mux58  ;
; 3:1                ; 8 bits    ; 16 LEs        ; 8 LEs                ; 8 LEs                  ; No         ; |A_simple_processor_with_fucking_ROM_or_something|a_simple_processor:inst|Rin[3] ;
; 8:1                ; 9 bits    ; 45 LEs        ; 45 LEs               ; 0 LEs                  ; No         ; |A_simple_processor_with_fucking_ROM_or_something|a_simple_processor:inst|Mux9   ;
; 8:1                ; 9 bits    ; 45 LEs        ; 45 LEs               ; 0 LEs                  ; No         ; |A_simple_processor_with_fucking_ROM_or_something|a_simple_processor:inst|Mux14  ;
; 8:1                ; 9 bits    ; 45 LEs        ; 18 LEs               ; 27 LEs                 ; No         ; |A_simple_processor_with_fucking_ROM_or_something|a_simple_processor:inst|Mux37  ;
+--------------------+-----------+---------------+----------------------+------------------------+------------+----------------------------------------------------------------------------------+


+------------------------------------------------------------------------------------------------------+
; Source assignments for inst_mem:inst1|altsyncram:altsyncram_component|altsyncram_h7a1:auto_generated ;
+---------------------------------+--------------------+------+----------------------------------------+
; Assignment                      ; Value              ; From ; To                                     ;
+---------------------------------+--------------------+------+----------------------------------------+
; OPTIMIZE_POWER_DURING_SYNTHESIS ; NORMAL_COMPILATION ; -    ; -                                      ;
+---------------------------------+--------------------+------+----------------------------------------+


+----------------------------------------------------------------------+
; Parameter Settings for User Entity Instance: a_simple_processor:inst ;
+----------------+-------+---------------------------------------------+
; Parameter Name ; Value ; Type                                        ;
+----------------+-------+---------------------------------------------+
; T0             ; 000   ; Unsigned Binary                             ;
; T1             ; 001   ; Unsigned Binary                             ;
; T2             ; 010   ; Unsigned Binary                             ;
; T3             ; 011   ; Unsigned Binary                             ;
+----------------+-------+---------------------------------------------+
Note: In order to hide this table in the UI and the text report file, please set the "Show Parameter Settings in Synthesis Report" option in "Analysis and Synthesis Settings -> More Settings" to "Off".


+---------------------------------------------------------------------------------------------+
; Parameter Settings for User Entity Instance: inst_mem:inst1|altsyncram:altsyncram_component ;
+------------------------------------+----------------------+---------------------------------+
; Parameter Name                     ; Value                ; Type                            ;
+------------------------------------+----------------------+---------------------------------+
; BYTE_SIZE_BLOCK                    ; 8                    ; Untyped                         ;
; AUTO_CARRY_CHAINS                  ; ON                   ; AUTO_CARRY                      ;
; IGNORE_CARRY_BUFFERS               ; OFF                  ; IGNORE_CARRY                    ;
; AUTO_CASCADE_CHAINS                ; ON                   ; AUTO_CASCADE                    ;
; IGNORE_CASCADE_BUFFERS             ; OFF                  ; IGNORE_CASCADE                  ;
; WIDTH_BYTEENA                      ; 1                    ; Untyped                         ;
; OPERATION_MODE                     ; ROM                  ; Untyped                         ;
; WIDTH_A                            ; 9                    ; Signed Integer                  ;
; WIDTHAD_A                          ; 5                    ; Signed Integer                  ;
; NUMWORDS_A                         ; 32                   ; Signed Integer                  ;
; OUTDATA_REG_A                      ; UNREGISTERED         ; Untyped                         ;
; ADDRESS_ACLR_A                     ; NONE                 ; Untyped                         ;
; OUTDATA_ACLR_A                     ; NONE                 ; Untyped                         ;
; WRCONTROL_ACLR_A                   ; NONE                 ; Untyped                         ;
; INDATA_ACLR_A                      ; NONE                 ; Untyped                         ;
; BYTEENA_ACLR_A                     ; NONE                 ; Untyped                         ;
; WIDTH_B                            ; 1                    ; Untyped                         ;
; WIDTHAD_B                          ; 1                    ; Untyped                         ;
; NUMWORDS_B                         ; 1                    ; Untyped                         ;
; INDATA_REG_B                       ; CLOCK1               ; Untyped                         ;
; WRCONTROL_WRADDRESS_REG_B          ; CLOCK1               ; Untyped                         ;
; RDCONTROL_REG_B                    ; CLOCK1               ; Untyped                         ;
; ADDRESS_REG_B                      ; CLOCK1               ; Untyped                         ;
; OUTDATA_REG_B                      ; UNREGISTERED         ; Untyped                         ;
; BYTEENA_REG_B                      ; CLOCK1               ; Untyped                         ;
; INDATA_ACLR_B                      ; NONE                 ; Untyped                         ;
; WRCONTROL_ACLR_B                   ; NONE                 ; Untyped                         ;
; ADDRESS_ACLR_B                     ; NONE                 ; Untyped                         ;
; OUTDATA_ACLR_B                     ; NONE                 ; Untyped                         ;
; RDCONTROL_ACLR_B                   ; NONE                 ; Untyped                         ;
; BYTEENA_ACLR_B                     ; NONE                 ; Untyped                         ;
; WIDTH_BYTEENA_A                    ; 1                    ; Signed Integer                  ;
; WIDTH_BYTEENA_B                    ; 1                    ; Untyped                         ;
; RAM_BLOCK_TYPE                     ; AUTO                 ; Untyped                         ;
; BYTE_SIZE                          ; 8                    ; Untyped                         ;
; READ_DURING_WRITE_MODE_MIXED_PORTS ; DONT_CARE            ; Untyped                         ;
; READ_DURING_WRITE_MODE_PORT_A      ; NEW_DATA_NO_NBE_READ ; Untyped                         ;
; READ_DURING_WRITE_MODE_PORT_B      ; NEW_DATA_NO_NBE_READ ; Untyped                         ;
; INIT_FILE                          ; inst_mem.mif         ; Untyped                         ;
; INIT_FILE_LAYOUT                   ; PORT_A               ; Untyped                         ;
; MAXIMUM_DEPTH                      ; 0                    ; Untyped                         ;
; CLOCK_ENABLE_INPUT_A               ; BYPASS               ; Untyped                         ;
; CLOCK_ENABLE_INPUT_B               ; NORMAL               ; Untyped                         ;
; CLOCK_ENABLE_OUTPUT_A              ; BYPASS               ; Untyped                         ;
; CLOCK_ENABLE_OUTPUT_B              ; NORMAL               ; Untyped                         ;
; CLOCK_ENABLE_CORE_A                ; USE_INPUT_CLKEN      ; Untyped                         ;
; CLOCK_ENABLE_CORE_B                ; USE_INPUT_CLKEN      ; Untyped                         ;
; ENABLE_ECC                         ; FALSE                ; Untyped                         ;
; ECC_PIPELINE_STAGE_ENABLED         ; FALSE                ; Untyped                         ;
; WIDTH_ECCSTATUS                    ; 3                    ; Untyped                         ;
; DEVICE_FAMILY                      ; Cyclone IV GX        ; Untyped                         ;
; CBXI_PARAMETER                     ; altsyncram_h7a1      ; Untyped                         ;
+------------------------------------+----------------------+---------------------------------+
Note: In order to hide this table in the UI and the text report file, please set the "Show Parameter Settings in Synthesis Report" option in "Analysis and Synthesis Settings -> More Settings" to "Off".


+--------------------------------------------------------------------------------------------+
; altsyncram Parameter Settings by Entity Instance                                           ;
+-------------------------------------------+------------------------------------------------+
; Name                                      ; Value                                          ;
+-------------------------------------------+------------------------------------------------+
; Number of entity instances                ; 1                                              ;
; Entity Instance                           ; inst_mem:inst1|altsyncram:altsyncram_component ;
;     -- OPERATION_MODE                     ; ROM                                            ;
;     -- WIDTH_A                            ; 9                                              ;
;     -- NUMWORDS_A                         ; 32                                             ;
;     -- OUTDATA_REG_A                      ; UNREGISTERED                                   ;
;     -- WIDTH_B                            ; 1                                              ;
;     -- NUMWORDS_B                         ; 1                                              ;
;     -- ADDRESS_REG_B                      ; CLOCK1                                         ;
;     -- OUTDATA_REG_B                      ; UNREGISTERED                                   ;
;     -- RAM_BLOCK_TYPE                     ; AUTO                                           ;
;     -- READ_DURING_WRITE_MODE_MIXED_PORTS ; DONT_CARE                                      ;
+-------------------------------------------+------------------------------------------------+


+-----------------------------------------------------+
; Post-Synthesis Netlist Statistics for Top Partition ;
+-----------------------+-----------------------------+
; Type                  ; Count                       ;
+-----------------------+-----------------------------+
; boundary_port         ; 75                          ;
; cycloneiii_ff         ; 106                         ;
;     ENA               ; 99                          ;
;     plain             ; 7                           ;
; cycloneiii_lcell_comb ; 179                         ;
;     arith             ; 13                          ;
;         2 data inputs ; 5                           ;
;         3 data inputs ; 8                           ;
;     normal            ; 166                         ;
;         0 data inputs ; 1                           ;
;         1 data inputs ; 2                           ;
;         2 data inputs ; 11                          ;
;         3 data inputs ; 47                          ;
;         4 data inputs ; 105                         ;
; cycloneiii_ram_block  ; 9                           ;
;                       ;                             ;
; Max LUT depth         ; 5.80                        ;
; Average LUT depth     ; 3.61                        ;
+-----------------------+-----------------------------+


+-------------------------------+
; Elapsed Time Per Partition    ;
+----------------+--------------+
; Partition Name ; Elapsed Time ;
+----------------+--------------+
; Top            ; 00:00:00     ;
+----------------+--------------+


+-------------------------------+
; Analysis & Synthesis Messages ;
+-------------------------------+
Info: *******************************************************************
Info: Running Quartus Prime Analysis & Synthesis
    Info: Version 16.1.0 Build 196 10/24/2016 SJ Lite Edition
    Info: Processing started: Sun Nov 07 13:43:12 2021
Info: Command: quartus_map --read_settings_files=on --write_settings_files=off A_simple_processor_with_fucking_ROM_or_something -c A_simple_processor_with_fucking_ROM_or_something
Warning (18236): Number of processors has not been specified which may cause overloading on shared machines.  Set the global assignment NUM_PARALLEL_PROCESSORS in your QSF to an appropriate value for best performance.
Info (20030): Parallel compilation is enabled and will use 4 of the 4 processors detected
Info (12021): Found 1 design units, including 1 entities, in source file a_simple_processor_with_fucking_rom_or_something.bdf
    Info (12023): Found entity 1: A_simple_processor_with_fucking_ROM_or_something
Info (12021): Found 1 design units, including 1 entities, in source file counter.v
    Info (12023): Found entity 1: counter_module File: D:/My_design/LAB_09/part_2/counter.v Line: 1
Info (12021): Found 1 design units, including 1 entities, in source file inst_mem.v
    Info (12023): Found entity 1: inst_mem File: D:/My_design/LAB_09/part_2/inst_mem.v Line: 40
Info (12127): Elaborating entity "A_simple_processor_with_fucking_ROM_or_something" for the top level hierarchy
Warning (12125): Using design file a_simple_processor.v, which is not specified as a design file for the current project, but contains definitions for 2 design units and 2 entities in project
    Info (12023): Found entity 1: a_simple_processor File: D:/My_design/LAB_09/part_2/a_simple_processor.v Line: 1
    Info (12023): Found entity 2: regn File: D:/My_design/LAB_09/part_2/a_simple_processor.v Line: 225
Info (12128): Elaborating entity "a_simple_processor" for hierarchy "a_simple_processor:inst"
Warning (10235): Verilog HDL Always Construct warning at a_simple_processor.v(72): variable "DIN" is read inside the Always Construct but isn't in the Always Construct's Event Control File: D:/My_design/LAB_09/part_2/a_simple_processor.v Line: 72
Warning (10235): Verilog HDL Always Construct warning at a_simple_processor.v(75): variable "R0" is read inside the Always Construct but isn't in the Always Construct's Event Control File: D:/My_design/LAB_09/part_2/a_simple_processor.v Line: 75
Warning (10235): Verilog HDL Always Construct warning at a_simple_processor.v(76): variable "R1" is read inside the Always Construct but isn't in the Always Construct's Event Control File: D:/My_design/LAB_09/part_2/a_simple_processor.v Line: 76
Warning (10235): Verilog HDL Always Construct warning at a_simple_processor.v(77): variable "R2" is read inside the Always Construct but isn't in the Always Construct's Event Control File: D:/My_design/LAB_09/part_2/a_simple_processor.v Line: 77
Warning (10235): Verilog HDL Always Construct warning at a_simple_processor.v(78): variable "R3" is read inside the Always Construct but isn't in the Always Construct's Event Control File: D:/My_design/LAB_09/part_2/a_simple_processor.v Line: 78
Warning (10235): Verilog HDL Always Construct warning at a_simple_processor.v(79): variable "R4" is read inside the Always Construct but isn't in the Always Construct's Event Control File: D:/My_design/LAB_09/part_2/a_simple_processor.v Line: 79
Warning (10235): Verilog HDL Always Construct warning at a_simple_processor.v(80): variable "R5" is read inside the Always Construct but isn't in the Always Construct's Event Control File: D:/My_design/LAB_09/part_2/a_simple_processor.v Line: 80
Warning (10235): Verilog HDL Always Construct warning at a_simple_processor.v(81): variable "R6" is read inside the Always Construct but isn't in the Always Construct's Event Control File: D:/My_design/LAB_09/part_2/a_simple_processor.v Line: 81
Warning (10235): Verilog HDL Always Construct warning at a_simple_processor.v(82): variable "R7" is read inside the Always Construct but isn't in the Always Construct's Event Control File: D:/My_design/LAB_09/part_2/a_simple_processor.v Line: 82
Warning (10235): Verilog HDL Always Construct warning at a_simple_processor.v(86): variable "R0" is read inside the Always Construct but isn't in the Always Construct's Event Control File: D:/My_design/LAB_09/part_2/a_simple_processor.v Line: 86
Warning (10235): Verilog HDL Always Construct warning at a_simple_processor.v(87): variable "R1" is read inside the Always Construct but isn't in the Always Construct's Event Control File: D:/My_design/LAB_09/part_2/a_simple_processor.v Line: 87
Warning (10235): Verilog HDL Always Construct warning at a_simple_processor.v(88): variable "R2" is read inside the Always Construct but isn't in the Always Construct's Event Control File: D:/My_design/LAB_09/part_2/a_simple_processor.v Line: 88
Warning (10235): Verilog HDL Always Construct warning at a_simple_processor.v(89): variable "R3" is read inside the Always Construct but isn't in the Always Construct's Event Control File: D:/My_design/LAB_09/part_2/a_simple_processor.v Line: 89
Warning (10235): Verilog HDL Always Construct warning at a_simple_processor.v(90): variable "R4" is read inside the Always Construct but isn't in the Always Construct's Event Control File: D:/My_design/LAB_09/part_2/a_simple_processor.v Line: 90
Warning (10235): Verilog HDL Always Construct warning at a_simple_processor.v(91): variable "R5" is read inside the Always Construct but isn't in the Always Construct's Event Control File: D:/My_design/LAB_09/part_2/a_simple_processor.v Line: 91
Warning (10235): Verilog HDL Always Construct warning at a_simple_processor.v(92): variable "R6" is read inside the Always Construct but isn't in the Always Construct's Event Control File: D:/My_design/LAB_09/part_2/a_simple_processor.v Line: 92
Warning (10235): Verilog HDL Always Construct warning at a_simple_processor.v(93): variable "R7" is read inside the Always Construct but isn't in the Always Construct's Event Control File: D:/My_design/LAB_09/part_2/a_simple_processor.v Line: 93
Warning (10235): Verilog HDL Always Construct warning at a_simple_processor.v(101): variable "Ry" is read inside the Always Construct but isn't in the Always Construct's Event Control File: D:/My_design/LAB_09/part_2/a_simple_processor.v Line: 101
Warning (10235): Verilog HDL Always Construct warning at a_simple_processor.v(117): variable "DIN" is read inside the Always Construct but isn't in the Always Construct's Event Control File: D:/My_design/LAB_09/part_2/a_simple_processor.v Line: 117
Warning (10235): Verilog HDL Always Construct warning at a_simple_processor.v(133): variable "Rx" is read inside the Always Construct but isn't in the Always Construct's Event Control File: D:/My_design/LAB_09/part_2/a_simple_processor.v Line: 133
Warning (10235): Verilog HDL Always Construct warning at a_simple_processor.v(139): variable "Rx" is read inside the Always Construct but isn't in the Always Construct's Event Control File: D:/My_design/LAB_09/part_2/a_simple_processor.v Line: 139
Warning (10235): Verilog HDL Always Construct warning at a_simple_processor.v(159): variable "Ry" is read inside the Always Construct but isn't in the Always Construct's Event Control File: D:/My_design/LAB_09/part_2/a_simple_processor.v Line: 159
Warning (10235): Verilog HDL Always Construct warning at a_simple_processor.v(164): variable "Ry" is read inside the Always Construct but isn't in the Always Construct's Event Control File: D:/My_design/LAB_09/part_2/a_simple_processor.v Line: 164
Warning (10235): Verilog HDL Always Construct warning at a_simple_processor.v(183): variable "RA" is read inside the Always Construct but isn't in the Always Construct's Event Control File: D:/My_design/LAB_09/part_2/a_simple_processor.v Line: 183
Warning (10235): Verilog HDL Always Construct warning at a_simple_processor.v(183): variable "Ry" is read inside the Always Construct but isn't in the Always Construct's Event Control File: D:/My_design/LAB_09/part_2/a_simple_processor.v Line: 183
Warning (10235): Verilog HDL Always Construct warning at a_simple_processor.v(190): variable "RA" is read inside the Always Construct but isn't in the Always Construct's Event Control File: D:/My_design/LAB_09/part_2/a_simple_processor.v Line: 190
Warning (10235): Verilog HDL Always Construct warning at a_simple_processor.v(190): variable "Ry" is read inside the Always Construct but isn't in the Always Construct's Event Control File: D:/My_design/LAB_09/part_2/a_simple_processor.v Line: 190
Warning (10240): Verilog HDL Always Construct warning at a_simple_processor.v(63): inferring latch(es) for variable "BusWire", which holds its previous value in one or more paths through the always construct File: D:/My_design/LAB_09/part_2/a_simple_processor.v Line: 63
Warning (10240): Verilog HDL Always Construct warning at a_simple_processor.v(63): inferring latch(es) for variable "Rx", which holds its previous value in one or more paths through the always construct File: D:/My_design/LAB_09/part_2/a_simple_processor.v Line: 63
Warning (10240): Verilog HDL Always Construct warning at a_simple_processor.v(63): inferring latch(es) for variable "Ry", which holds its previous value in one or more paths through the always construct File: D:/My_design/LAB_09/part_2/a_simple_processor.v Line: 63
Info (10041): Inferred latch for "Ry[0]" at a_simple_processor.v(63) File: D:/My_design/LAB_09/part_2/a_simple_processor.v Line: 63
Info (10041): Inferred latch for "Ry[1]" at a_simple_processor.v(63) File: D:/My_design/LAB_09/part_2/a_simple_processor.v Line: 63
Info (10041): Inferred latch for "Ry[2]" at a_simple_processor.v(63) File: D:/My_design/LAB_09/part_2/a_simple_processor.v Line: 63
Info (10041): Inferred latch for "Ry[3]" at a_simple_processor.v(63) File: D:/My_design/LAB_09/part_2/a_simple_processor.v Line: 63
Info (10041): Inferred latch for "Ry[4]" at a_simple_processor.v(63) File: D:/My_design/LAB_09/part_2/a_simple_processor.v Line: 63
Info (10041): Inferred latch for "Ry[5]" at a_simple_processor.v(63) File: D:/My_design/LAB_09/part_2/a_simple_processor.v Line: 63
Info (10041): Inferred latch for "Ry[6]" at a_simple_processor.v(63) File: D:/My_design/LAB_09/part_2/a_simple_processor.v Line: 63
Info (10041): Inferred latch for "Ry[7]" at a_simple_processor.v(63) File: D:/My_design/LAB_09/part_2/a_simple_processor.v Line: 63
Info (10041): Inferred latch for "Ry[8]" at a_simple_processor.v(63) File: D:/My_design/LAB_09/part_2/a_simple_processor.v Line: 63
Info (10041): Inferred latch for "Rx[0]" at a_simple_processor.v(63) File: D:/My_design/LAB_09/part_2/a_simple_processor.v Line: 63
Info (10041): Inferred latch for "Rx[1]" at a_simple_processor.v(63) File: D:/My_design/LAB_09/part_2/a_simple_processor.v Line: 63
Info (10041): Inferred latch for "Rx[2]" at a_simple_processor.v(63) File: D:/My_design/LAB_09/part_2/a_simple_processor.v Line: 63
Info (10041): Inferred latch for "Rx[3]" at a_simple_processor.v(63) File: D:/My_design/LAB_09/part_2/a_simple_processor.v Line: 63
Info (10041): Inferred latch for "Rx[4]" at a_simple_processor.v(63) File: D:/My_design/LAB_09/part_2/a_simple_processor.v Line: 63
Info (10041): Inferred latch for "Rx[5]" at a_simple_processor.v(63) File: D:/My_design/LAB_09/part_2/a_simple_processor.v Line: 63
Info (10041): Inferred latch for "Rx[6]" at a_simple_processor.v(63) File: D:/My_design/LAB_09/part_2/a_simple_processor.v Line: 63
Info (10041): Inferred latch for "Rx[7]" at a_simple_processor.v(63) File: D:/My_design/LAB_09/part_2/a_simple_processor.v Line: 63
Info (10041): Inferred latch for "Rx[8]" at a_simple_processor.v(63) File: D:/My_design/LAB_09/part_2/a_simple_processor.v Line: 63
Info (10041): Inferred latch for "BusWire[0]" at a_simple_processor.v(63) File: D:/My_design/LAB_09/part_2/a_simple_processor.v Line: 63
Info (10041): Inferred latch for "BusWire[1]" at a_simple_processor.v(63) File: D:/My_design/LAB_09/part_2/a_simple_processor.v Line: 63
Info (10041): Inferred latch for "BusWire[2]" at a_simple_processor.v(63) File: D:/My_design/LAB_09/part_2/a_simple_processor.v Line: 63
Info (10041): Inferred latch for "BusWire[3]" at a_simple_processor.v(63) File: D:/My_design/LAB_09/part_2/a_simple_processor.v Line: 63
Info (10041): Inferred latch for "BusWire[4]" at a_simple_processor.v(63) File: D:/My_design/LAB_09/part_2/a_simple_processor.v Line: 63
Info (10041): Inferred latch for "BusWire[5]" at a_simple_processor.v(63) File: D:/My_design/LAB_09/part_2/a_simple_processor.v Line: 63
Info (10041): Inferred latch for "BusWire[6]" at a_simple_processor.v(63) File: D:/My_design/LAB_09/part_2/a_simple_processor.v Line: 63
Info (10041): Inferred latch for "BusWire[7]" at a_simple_processor.v(63) File: D:/My_design/LAB_09/part_2/a_simple_processor.v Line: 63
Info (10041): Inferred latch for "BusWire[8]" at a_simple_processor.v(63) File: D:/My_design/LAB_09/part_2/a_simple_processor.v Line: 63
Info (12128): Elaborating entity "regn" for hierarchy "a_simple_processor:inst|regn:reg_IR" File: D:/My_design/LAB_09/part_2/a_simple_processor.v Line: 208
Info (12128): Elaborating entity "inst_mem" for hierarchy "inst_mem:inst1"
Info (12128): Elaborating entity "altsyncram" for hierarchy "inst_mem:inst1|altsyncram:altsyncram_component" File: D:/My_design/LAB_09/part_2/inst_mem.v Line: 82
Info (12130): Elaborated megafunction instantiation "inst_mem:inst1|altsyncram:altsyncram_component" File: D:/My_design/LAB_09/part_2/inst_mem.v Line: 82
Info (12133): Instantiated megafunction "inst_mem:inst1|altsyncram:altsyncram_component" with the following parameter: File: D:/My_design/LAB_09/part_2/inst_mem.v Line: 82
    Info (12134): Parameter "address_aclr_a" = "NONE"
    Info (12134): Parameter "clock_enable_input_a" = "BYPASS"
    Info (12134): Parameter "clock_enable_output_a" = "BYPASS"
    Info (12134): Parameter "init_file" = "inst_mem.mif"
    Info (12134): Parameter "intended_device_family" = "Cyclone IV GX"
    Info (12134): Parameter "lpm_hint" = "ENABLE_RUNTIME_MOD=NO"
    Info (12134): Parameter "lpm_type" = "altsyncram"
    Info (12134): Parameter "numwords_a" = "32"
    Info (12134): Parameter "operation_mode" = "ROM"
    Info (12134): Parameter "outdata_aclr_a" = "NONE"
    Info (12134): Parameter "outdata_reg_a" = "UNREGISTERED"
    Info (12134): Parameter "widthad_a" = "5"
    Info (12134): Parameter "width_a" = "9"
    Info (12134): Parameter "width_byteena_a" = "1"
Info (12021): Found 1 design units, including 1 entities, in source file db/altsyncram_h7a1.tdf
    Info (12023): Found entity 1: altsyncram_h7a1 File: D:/My_design/LAB_09/part_2/db/altsyncram_h7a1.tdf Line: 28
Info (12128): Elaborating entity "altsyncram_h7a1" for hierarchy "inst_mem:inst1|altsyncram:altsyncram_component|altsyncram_h7a1:auto_generated" File: c:/intelfpga_lite/16.1/quartus/libraries/megafunctions/altsyncram.tdf Line: 792
Info (12128): Elaborating entity "counter_module" for hierarchy "counter_module:inst5"
Warning (10230): Verilog HDL assignment warning at counter.v(8): truncated value with size 32 to match size of target (5) File: D:/My_design/LAB_09/part_2/counter.v Line: 8
Warning (13012): Latch a_simple_processor:inst|BusWire[8] has unsafe behavior File: D:/My_design/LAB_09/part_2/a_simple_processor.v Line: 63
    Warning (13013): Ports D and ENA on the latch are fed by the same signal a_simple_processor:inst|Ystep_Q[1] File: D:/My_design/LAB_09/part_2/a_simple_processor.v Line: 204
Warning (13012): Latch a_simple_processor:inst|BusWire[7] has unsafe behavior File: D:/My_design/LAB_09/part_2/a_simple_processor.v Line: 63
    Warning (13013): Ports D and ENA on the latch are fed by the same signal a_simple_processor:inst|Ystep_Q[0] File: D:/My_design/LAB_09/part_2/a_simple_processor.v Line: 204
Warning (13012): Latch a_simple_processor:inst|BusWire[6] has unsafe behavior File: D:/My_design/LAB_09/part_2/a_simple_processor.v Line: 63
    Warning (13013): Ports D and ENA on the latch are fed by the same signal a_simple_processor:inst|Ystep_Q[1] File: D:/My_design/LAB_09/part_2/a_simple_processor.v Line: 204
Warning (13012): Latch a_simple_processor:inst|BusWire[5] has unsafe behavior File: D:/My_design/LAB_09/part_2/a_simple_processor.v Line: 63
    Warning (13013): Ports D and ENA on the latch are fed by the same signal a_simple_processor:inst|Ystep_Q[0] File: D:/My_design/LAB_09/part_2/a_simple_processor.v Line: 204
Warning (13012): Latch a_simple_processor:inst|BusWire[4] has unsafe behavior File: D:/My_design/LAB_09/part_2/a_simple_processor.v Line: 63
    Warning (13013): Ports D and ENA on the latch are fed by the same signal a_simple_processor:inst|Ystep_Q[1] File: D:/My_design/LAB_09/part_2/a_simple_processor.v Line: 204
Warning (13012): Latch a_simple_processor:inst|BusWire[3] has unsafe behavior File: D:/My_design/LAB_09/part_2/a_simple_processor.v Line: 63
    Warning (13013): Ports D and ENA on the latch are fed by the same signal a_simple_processor:inst|Ystep_Q[0] File: D:/My_design/LAB_09/part_2/a_simple_processor.v Line: 204
Warning (13012): Latch a_simple_processor:inst|BusWire[2] has unsafe behavior File: D:/My_design/LAB_09/part_2/a_simple_processor.v Line: 63
    Warning (13013): Ports D and ENA on the latch are fed by the same signal a_simple_processor:inst|Ystep_Q[1] File: D:/My_design/LAB_09/part_2/a_simple_processor.v Line: 204
Warning (13012): Latch a_simple_processor:inst|BusWire[1] has unsafe behavior File: D:/My_design/LAB_09/part_2/a_simple_processor.v Line: 63
    Warning (13013): Ports D and ENA on the latch are fed by the same signal a_simple_processor:inst|Ystep_Q[0] File: D:/My_design/LAB_09/part_2/a_simple_processor.v Line: 204
Warning (13012): Latch a_simple_processor:inst|BusWire[0] has unsafe behavior File: D:/My_design/LAB_09/part_2/a_simple_processor.v Line: 63
    Warning (13013): Ports D and ENA on the latch are fed by the same signal a_simple_processor:inst|Ystep_Q[1] File: D:/My_design/LAB_09/part_2/a_simple_processor.v Line: 204
Warning (13024): Output pins are stuck at VCC or GND
    Warning (13410): Pin "Ystep_Q[2]" is stuck at GND
Info (286030): Timing-Driven Synthesis is running
Info (16010): Generating hard_block partition "hard_block:auto_generated_inst"
    Info (16011): Adding 0 node(s), including 0 DDIO, 0 PLL, 0 transceiver and 0 LCELL
Info (21057): Implemented 360 device resources after synthesis - the final resource count might be different
    Info (21058): Implemented 3 input pins
    Info (21059): Implemented 72 output pins
    Info (21061): Implemented 276 logic cells
    Info (21064): Implemented 9 RAM segments
Info: Quartus Prime Analysis & Synthesis was successful. 0 errors, 53 warnings
    Info: Peak virtual memory: 4837 megabytes
    Info: Processing ended: Sun Nov 07 13:43:22 2021
    Info: Elapsed time: 00:00:10
    Info: Total CPU time (on all processors): 00:00:20


